12-Jun-2020 07:57:29.339 INFO [main] org.apache.catalina.startup.VersionLoggerListener.log Server version:        Apache Tomcat/8.5.20
12-Jun-2020 07:57:29.396 INFO [main] org.apache.catalina.startup.VersionLoggerListener.log Server built:          Aug 2 2017 21:35:49 UTC
12-Jun-2020 07:57:29.396 INFO [main] org.apache.catalina.startup.VersionLoggerListener.log Server number:         8.5.20.0
12-Jun-2020 07:57:29.396 INFO [main] org.apache.catalina.startup.VersionLoggerListener.log OS Name:               Linux
12-Jun-2020 07:57:29.396 INFO [main] org.apache.catalina.startup.VersionLoggerListener.log OS Version:            4.15.0-91-generic
12-Jun-2020 07:57:29.396 INFO [main] org.apache.catalina.startup.VersionLoggerListener.log Architecture:          amd64
12-Jun-2020 07:57:29.396 INFO [main] org.apache.catalina.startup.VersionLoggerListener.log Java Home:             /usr/lib/jvm/java-11-openjdk-amd64
12-Jun-2020 07:57:29.396 INFO [main] org.apache.catalina.startup.VersionLoggerListener.log JVM Version:           11.0.6+10-post-Ubuntu-1ubuntu118.04.1
12-Jun-2020 07:57:29.396 INFO [main] org.apache.catalina.startup.VersionLoggerListener.log JVM Vendor:            Ubuntu
12-Jun-2020 07:57:29.397 INFO [main] org.apache.catalina.startup.VersionLoggerListener.log CATALINA_BASE:         /home/dz-jp-11/Documents/Tomcat/apache-tomcat-8.5.20
12-Jun-2020 07:57:29.397 INFO [main] org.apache.catalina.startup.VersionLoggerListener.log CATALINA_HOME:         /home/dz-jp-11/Documents/Tomcat/apache-tomcat-8.5.20
12-Jun-2020 07:57:29.397 INFO [main] org.apache.catalina.startup.VersionLoggerListener.log Command line argument: -Djava.util.logging.config.file=/home/dz-jp-11/Documents/Tomcat/apache-tomcat-8.5.20/conf/logging.properties
12-Jun-2020 07:57:29.397 INFO [main] org.apache.catalina.startup.VersionLoggerListener.log Command line argument: -Djava.util.logging.manager=org.apache.juli.ClassLoaderLogManager
12-Jun-2020 07:57:29.397 INFO [main] org.apache.catalina.startup.VersionLoggerListener.log Command line argument: -Djdk.tls.ephemeralDHKeySize=2048
12-Jun-2020 07:57:29.397 INFO [main] org.apache.catalina.startup.VersionLoggerListener.log Command line argument: -Djava.protocol.handler.pkgs=org.apache.catalina.webresources
12-Jun-2020 07:57:29.397 INFO [main] org.apache.catalina.startup.VersionLoggerListener.log Command line argument: -Dcatalina.base=/home/dz-jp-11/Documents/Tomcat/apache-tomcat-8.5.20
12-Jun-2020 07:57:29.398 INFO [main] org.apache.catalina.startup.VersionLoggerListener.log Command line argument: -Dcatalina.home=/home/dz-jp-11/Documents/Tomcat/apache-tomcat-8.5.20
12-Jun-2020 07:57:29.398 INFO [main] org.apache.catalina.startup.VersionLoggerListener.log Command line argument: -Djava.io.tmpdir=/home/dz-jp-11/Documents/Tomcat/apache-tomcat-8.5.20/temp
12-Jun-2020 07:57:29.398 INFO [main] org.apache.catalina.core.AprLifecycleListener.lifecycleEvent The APR based Apache Tomcat Native library which allows optimal performance in production environments was not found on the java.library.path: [/usr/java/packages/lib:/usr/lib/x86_64-linux-gnu/jni:/lib/x86_64-linux-gnu:/usr/lib/x86_64-linux-gnu:/usr/lib/jni:/lib:/usr/lib]
12-Jun-2020 07:57:29.676 INFO [main] org.apache.coyote.AbstractProtocol.init Initializing ProtocolHandler ["http-nio-9090"]
12-Jun-2020 07:57:29.701 INFO [main] org.apache.tomcat.util.net.NioSelectorPool.getSharedSelector Using a shared selector for servlet write/read
12-Jun-2020 07:57:29.908 INFO [main] org.apache.coyote.AbstractProtocol.init Initializing ProtocolHandler ["ajp-nio-8009"]
12-Jun-2020 07:57:29.910 INFO [main] org.apache.tomcat.util.net.NioSelectorPool.getSharedSelector Using a shared selector for servlet write/read
12-Jun-2020 07:57:29.910 INFO [main] org.apache.catalina.startup.Catalina.load Initialization processed in 17959 ms
12-Jun-2020 07:57:30.850 INFO [main] org.apache.catalina.core.StandardService.startInternal Starting service [Catalina]
12-Jun-2020 07:57:30.930 INFO [main] org.apache.catalina.core.StandardEngine.startInternal Starting Servlet Engine: Apache Tomcat/8.5.20
12-Jun-2020 07:57:31.634 INFO [localhost-startStop-1] org.apache.catalina.startup.HostConfig.deployDirectory Deploying web application directory [/home/dz-jp-11/Documents/Tomcat/apache-tomcat-8.5.20/webapps/host-manager]
12-Jun-2020 07:57:42.174 WARNING [localhost-startStop-1] org.apache.catalina.util.SessionIdGeneratorBase.createSecureRandom Creation of SecureRandom instance for session ID generation using [SHA1PRNG] took [283] milliseconds.
12-Jun-2020 07:57:43.265 INFO [localhost-startStop-1] org.apache.catalina.startup.HostConfig.deployDirectory Deployment of web application directory [/home/dz-jp-11/Documents/Tomcat/apache-tomcat-8.5.20/webapps/host-manager] has finished in [11,631] ms
12-Jun-2020 07:57:43.265 INFO [localhost-startStop-1] org.apache.catalina.startup.HostConfig.deployDirectory Deploying web application directory [/home/dz-jp-11/Documents/Tomcat/apache-tomcat-8.5.20/webapps/manager]
12-Jun-2020 07:57:43.392 INFO [localhost-startStop-1] org.apache.catalina.startup.HostConfig.deployDirectory Deployment of web application directory [/home/dz-jp-11/Documents/Tomcat/apache-tomcat-8.5.20/webapps/manager] has finished in [127] ms
12-Jun-2020 07:57:43.392 INFO [localhost-startStop-1] org.apache.catalina.startup.HostConfig.deployDirectory Deploying web application directory [/home/dz-jp-11/Documents/Tomcat/apache-tomcat-8.5.20/webapps/ROOT]
12-Jun-2020 07:57:43.584 INFO [localhost-startStop-1] org.apache.catalina.startup.HostConfig.deployDirectory Deployment of web application directory [/home/dz-jp-11/Documents/Tomcat/apache-tomcat-8.5.20/webapps/ROOT] has finished in [192] ms
12-Jun-2020 07:57:43.585 INFO [localhost-startStop-1] org.apache.catalina.startup.HostConfig.deployDirectory Deploying web application directory [/home/dz-jp-11/Documents/Tomcat/apache-tomcat-8.5.20/webapps/docs]
12-Jun-2020 07:57:43.814 INFO [localhost-startStop-1] org.apache.catalina.startup.HostConfig.deployDirectory Deployment of web application directory [/home/dz-jp-11/Documents/Tomcat/apache-tomcat-8.5.20/webapps/docs] has finished in [229] ms
12-Jun-2020 07:57:43.818 INFO [main] org.apache.coyote.AbstractProtocol.start Starting ProtocolHandler ["http-nio-9090"]
12-Jun-2020 07:57:43.832 INFO [main] org.apache.coyote.AbstractProtocol.start Starting ProtocolHandler ["ajp-nio-8009"]
12-Jun-2020 07:57:43.862 INFO [main] org.apache.catalina.startup.Catalina.start Server startup in 13951 ms
12-Jun-2020 08:29:23.347 INFO [main] org.apache.catalina.core.StandardServer.await A valid shutdown command was received via the shutdown port. Stopping the Server instance.
12-Jun-2020 08:29:23.349 INFO [main] org.apache.coyote.AbstractProtocol.pause Pausing ProtocolHandler ["http-nio-9090"]
12-Jun-2020 08:29:23.402 INFO [main] org.apache.coyote.AbstractProtocol.pause Pausing ProtocolHandler ["ajp-nio-8009"]
12-Jun-2020 08:29:23.453 INFO [main] org.apache.catalina.core.StandardService.stopInternal Stopping service [Catalina]
12-Jun-2020 08:29:23.515 INFO [main] org.apache.coyote.AbstractProtocol.stop Stopping ProtocolHandler ["http-nio-9090"]
12-Jun-2020 08:29:23.517 INFO [main] org.apache.coyote.AbstractProtocol.stop Stopping ProtocolHandler ["ajp-nio-8009"]
12-Jun-2020 08:29:23.518 INFO [main] org.apache.coyote.AbstractProtocol.destroy Destroying ProtocolHandler ["http-nio-9090"]
12-Jun-2020 08:29:23.519 INFO [main] org.apache.coyote.AbstractProtocol.destroy Destroying ProtocolHandler ["ajp-nio-8009"]
