18-May-2020 14:23:11.060 INFO [main] org.apache.catalina.startup.VersionLoggerListener.log Server version:        Apache Tomcat/8.5.20
18-May-2020 14:23:11.064 INFO [main] org.apache.catalina.startup.VersionLoggerListener.log Server built:          Aug 2 2017 21:35:49 UTC
18-May-2020 14:23:11.064 INFO [main] org.apache.catalina.startup.VersionLoggerListener.log Server number:         8.5.20.0
18-May-2020 14:23:11.064 INFO [main] org.apache.catalina.startup.VersionLoggerListener.log OS Name:               Linux
18-May-2020 14:23:11.065 INFO [main] org.apache.catalina.startup.VersionLoggerListener.log OS Version:            4.15.0-91-generic
18-May-2020 14:23:11.065 INFO [main] org.apache.catalina.startup.VersionLoggerListener.log Architecture:          amd64
18-May-2020 14:23:11.065 INFO [main] org.apache.catalina.startup.VersionLoggerListener.log Java Home:             /usr/lib/jvm/java-11-openjdk-amd64
18-May-2020 14:23:11.065 INFO [main] org.apache.catalina.startup.VersionLoggerListener.log JVM Version:           11.0.6+10-post-Ubuntu-1ubuntu118.04.1
18-May-2020 14:23:11.065 INFO [main] org.apache.catalina.startup.VersionLoggerListener.log JVM Vendor:            Ubuntu
18-May-2020 14:23:11.065 INFO [main] org.apache.catalina.startup.VersionLoggerListener.log CATALINA_BASE:         /home/dz-jp-11/Documents/Tomcat/apache-tomcat-8.5.20
18-May-2020 14:23:11.065 INFO [main] org.apache.catalina.startup.VersionLoggerListener.log CATALINA_HOME:         /home/dz-jp-11/Documents/Tomcat/apache-tomcat-8.5.20
18-May-2020 14:23:11.067 INFO [main] org.apache.catalina.startup.VersionLoggerListener.log Command line argument: -Djava.util.logging.config.file=/home/dz-jp-11/Documents/Tomcat/apache-tomcat-8.5.20/conf/logging.properties
18-May-2020 14:23:11.067 INFO [main] org.apache.catalina.startup.VersionLoggerListener.log Command line argument: -Djava.util.logging.manager=org.apache.juli.ClassLoaderLogManager
18-May-2020 14:23:11.067 INFO [main] org.apache.catalina.startup.VersionLoggerListener.log Command line argument: -Djdk.tls.ephemeralDHKeySize=2048
18-May-2020 14:23:11.068 INFO [main] org.apache.catalina.startup.VersionLoggerListener.log Command line argument: -Djava.protocol.handler.pkgs=org.apache.catalina.webresources
18-May-2020 14:23:11.068 INFO [main] org.apache.catalina.startup.VersionLoggerListener.log Command line argument: -Dcatalina.base=/home/dz-jp-11/Documents/Tomcat/apache-tomcat-8.5.20
18-May-2020 14:23:11.068 INFO [main] org.apache.catalina.startup.VersionLoggerListener.log Command line argument: -Dcatalina.home=/home/dz-jp-11/Documents/Tomcat/apache-tomcat-8.5.20
18-May-2020 14:23:11.068 INFO [main] org.apache.catalina.startup.VersionLoggerListener.log Command line argument: -Djava.io.tmpdir=/home/dz-jp-11/Documents/Tomcat/apache-tomcat-8.5.20/temp
18-May-2020 14:23:11.069 INFO [main] org.apache.catalina.core.AprLifecycleListener.lifecycleEvent The APR based Apache Tomcat Native library which allows optimal performance in production environments was not found on the java.library.path: [/usr/java/packages/lib:/usr/lib/x86_64-linux-gnu/jni:/lib/x86_64-linux-gnu:/usr/lib/x86_64-linux-gnu:/usr/lib/jni:/lib:/usr/lib]
18-May-2020 14:23:11.105 INFO [main] org.apache.coyote.AbstractProtocol.init Initializing ProtocolHandler ["http-nio-9090"]
18-May-2020 14:23:11.120 SEVERE [main] org.apache.coyote.AbstractProtocol.init Failed to initialize end point associated with ProtocolHandler ["http-nio-9090"]
 java.net.BindException: Address already in use
	at java.base/sun.nio.ch.Net.bind0(Native Method)
	at java.base/sun.nio.ch.Net.bind(Net.java:455)
	at java.base/sun.nio.ch.Net.bind(Net.java:447)
	at java.base/sun.nio.ch.ServerSocketChannelImpl.bind(ServerSocketChannelImpl.java:227)
	at java.base/sun.nio.ch.ServerSocketAdaptor.bind(ServerSocketAdaptor.java:80)
	at org.apache.tomcat.util.net.NioEndpoint.bind(NioEndpoint.java:210)
	at org.apache.tomcat.util.net.AbstractEndpoint.init(AbstractEndpoint.java:982)
	at org.apache.tomcat.util.net.AbstractJsseEndpoint.init(AbstractJsseEndpoint.java:244)
	at org.apache.coyote.AbstractProtocol.init(AbstractProtocol.java:620)
	at org.apache.coyote.http11.AbstractHttp11Protocol.init(AbstractHttp11Protocol.java:66)
	at org.apache.catalina.connector.Connector.initInternal(Connector.java:997)
	at org.apache.catalina.util.LifecycleBase.init(LifecycleBase.java:107)
	at org.apache.catalina.core.StandardService.initInternal(StandardService.java:549)
	at org.apache.catalina.util.LifecycleBase.init(LifecycleBase.java:107)
	at org.apache.catalina.core.StandardServer.initInternal(StandardServer.java:875)
	at org.apache.catalina.util.LifecycleBase.init(LifecycleBase.java:107)
	at org.apache.catalina.startup.Catalina.load(Catalina.java:607)
	at org.apache.catalina.startup.Catalina.load(Catalina.java:630)
	at java.base/jdk.internal.reflect.NativeMethodAccessorImpl.invoke0(Native Method)
	at java.base/jdk.internal.reflect.NativeMethodAccessorImpl.invoke(NativeMethodAccessorImpl.java:62)
	at java.base/jdk.internal.reflect.DelegatingMethodAccessorImpl.invoke(DelegatingMethodAccessorImpl.java:43)
	at java.base/java.lang.reflect.Method.invoke(Method.java:566)
	at org.apache.catalina.startup.Bootstrap.load(Bootstrap.java:311)
	at org.apache.catalina.startup.Bootstrap.main(Bootstrap.java:494)

18-May-2020 14:23:11.121 SEVERE [main] org.apache.catalina.core.StandardService.initInternal Failed to initialize connector [Connector[HTTP/1.1-9090]]
 org.apache.catalina.LifecycleException: Failed to initialize component [Connector[HTTP/1.1-9090]]
	at org.apache.catalina.util.LifecycleBase.init(LifecycleBase.java:112)
	at org.apache.catalina.core.StandardService.initInternal(StandardService.java:549)
	at org.apache.catalina.util.LifecycleBase.init(LifecycleBase.java:107)
	at org.apache.catalina.core.StandardServer.initInternal(StandardServer.java:875)
	at org.apache.catalina.util.LifecycleBase.init(LifecycleBase.java:107)
	at org.apache.catalina.startup.Catalina.load(Catalina.java:607)
	at org.apache.catalina.startup.Catalina.load(Catalina.java:630)
	at java.base/jdk.internal.reflect.NativeMethodAccessorImpl.invoke0(Native Method)
	at java.base/jdk.internal.reflect.NativeMethodAccessorImpl.invoke(NativeMethodAccessorImpl.java:62)
	at java.base/jdk.internal.reflect.DelegatingMethodAccessorImpl.invoke(DelegatingMethodAccessorImpl.java:43)
	at java.base/java.lang.reflect.Method.invoke(Method.java:566)
	at org.apache.catalina.startup.Bootstrap.load(Bootstrap.java:311)
	at org.apache.catalina.startup.Bootstrap.main(Bootstrap.java:494)
Caused by: org.apache.catalina.LifecycleException: Protocol handler initialization failed
	at org.apache.catalina.connector.Connector.initInternal(Connector.java:999)
	at org.apache.catalina.util.LifecycleBase.init(LifecycleBase.java:107)
	... 12 more
Caused by: java.net.BindException: Address already in use
	at java.base/sun.nio.ch.Net.bind0(Native Method)
	at java.base/sun.nio.ch.Net.bind(Net.java:455)
	at java.base/sun.nio.ch.Net.bind(Net.java:447)
	at java.base/sun.nio.ch.ServerSocketChannelImpl.bind(ServerSocketChannelImpl.java:227)
	at java.base/sun.nio.ch.ServerSocketAdaptor.bind(ServerSocketAdaptor.java:80)
	at org.apache.tomcat.util.net.NioEndpoint.bind(NioEndpoint.java:210)
	at org.apache.tomcat.util.net.AbstractEndpoint.init(AbstractEndpoint.java:982)
	at org.apache.tomcat.util.net.AbstractJsseEndpoint.init(AbstractJsseEndpoint.java:244)
	at org.apache.coyote.AbstractProtocol.init(AbstractProtocol.java:620)
	at org.apache.coyote.http11.AbstractHttp11Protocol.init(AbstractHttp11Protocol.java:66)
	at org.apache.catalina.connector.Connector.initInternal(Connector.java:997)
	... 13 more

18-May-2020 14:23:11.122 INFO [main] org.apache.coyote.AbstractProtocol.init Initializing ProtocolHandler ["ajp-nio-8009"]
18-May-2020 14:23:11.123 SEVERE [main] org.apache.coyote.AbstractProtocol.init Failed to initialize end point associated with ProtocolHandler ["ajp-nio-8009"]
 java.net.BindException: Address already in use
	at java.base/sun.nio.ch.Net.bind0(Native Method)
	at java.base/sun.nio.ch.Net.bind(Net.java:455)
	at java.base/sun.nio.ch.Net.bind(Net.java:447)
	at java.base/sun.nio.ch.ServerSocketChannelImpl.bind(ServerSocketChannelImpl.java:227)
	at java.base/sun.nio.ch.ServerSocketAdaptor.bind(ServerSocketAdaptor.java:80)
	at org.apache.tomcat.util.net.NioEndpoint.bind(NioEndpoint.java:210)
	at org.apache.tomcat.util.net.AbstractEndpoint.init(AbstractEndpoint.java:982)
	at org.apache.tomcat.util.net.AbstractJsseEndpoint.init(AbstractJsseEndpoint.java:244)
	at org.apache.coyote.AbstractProtocol.init(AbstractProtocol.java:620)
	at org.apache.catalina.connector.Connector.initInternal(Connector.java:997)
	at org.apache.catalina.util.LifecycleBase.init(LifecycleBase.java:107)
	at org.apache.catalina.core.StandardService.initInternal(StandardService.java:549)
	at org.apache.catalina.util.LifecycleBase.init(LifecycleBase.java:107)
	at org.apache.catalina.core.StandardServer.initInternal(StandardServer.java:875)
	at org.apache.catalina.util.LifecycleBase.init(LifecycleBase.java:107)
	at org.apache.catalina.startup.Catalina.load(Catalina.java:607)
	at org.apache.catalina.startup.Catalina.load(Catalina.java:630)
	at java.base/jdk.internal.reflect.NativeMethodAccessorImpl.invoke0(Native Method)
	at java.base/jdk.internal.reflect.NativeMethodAccessorImpl.invoke(NativeMethodAccessorImpl.java:62)
	at java.base/jdk.internal.reflect.DelegatingMethodAccessorImpl.invoke(DelegatingMethodAccessorImpl.java:43)
	at java.base/java.lang.reflect.Method.invoke(Method.java:566)
	at org.apache.catalina.startup.Bootstrap.load(Bootstrap.java:311)
	at org.apache.catalina.startup.Bootstrap.main(Bootstrap.java:494)

18-May-2020 14:23:11.124 SEVERE [main] org.apache.catalina.core.StandardService.initInternal Failed to initialize connector [Connector[AJP/1.3-8009]]
 org.apache.catalina.LifecycleException: Failed to initialize component [Connector[AJP/1.3-8009]]
	at org.apache.catalina.util.LifecycleBase.init(LifecycleBase.java:112)
	at org.apache.catalina.core.StandardService.initInternal(StandardService.java:549)
	at org.apache.catalina.util.LifecycleBase.init(LifecycleBase.java:107)
	at org.apache.catalina.core.StandardServer.initInternal(StandardServer.java:875)
	at org.apache.catalina.util.LifecycleBase.init(LifecycleBase.java:107)
	at org.apache.catalina.startup.Catalina.load(Catalina.java:607)
	at org.apache.catalina.startup.Catalina.load(Catalina.java:630)
	at java.base/jdk.internal.reflect.NativeMethodAccessorImpl.invoke0(Native Method)
	at java.base/jdk.internal.reflect.NativeMethodAccessorImpl.invoke(NativeMethodAccessorImpl.java:62)
	at java.base/jdk.internal.reflect.DelegatingMethodAccessorImpl.invoke(DelegatingMethodAccessorImpl.java:43)
	at java.base/java.lang.reflect.Method.invoke(Method.java:566)
	at org.apache.catalina.startup.Bootstrap.load(Bootstrap.java:311)
	at org.apache.catalina.startup.Bootstrap.main(Bootstrap.java:494)
Caused by: org.apache.catalina.LifecycleException: Protocol handler initialization failed
	at org.apache.catalina.connector.Connector.initInternal(Connector.java:999)
	at org.apache.catalina.util.LifecycleBase.init(LifecycleBase.java:107)
	... 12 more
Caused by: java.net.BindException: Address already in use
	at java.base/sun.nio.ch.Net.bind0(Native Method)
	at java.base/sun.nio.ch.Net.bind(Net.java:455)
	at java.base/sun.nio.ch.Net.bind(Net.java:447)
	at java.base/sun.nio.ch.ServerSocketChannelImpl.bind(ServerSocketChannelImpl.java:227)
	at java.base/sun.nio.ch.ServerSocketAdaptor.bind(ServerSocketAdaptor.java:80)
	at org.apache.tomcat.util.net.NioEndpoint.bind(NioEndpoint.java:210)
	at org.apache.tomcat.util.net.AbstractEndpoint.init(AbstractEndpoint.java:982)
	at org.apache.tomcat.util.net.AbstractJsseEndpoint.init(AbstractJsseEndpoint.java:244)
	at org.apache.coyote.AbstractProtocol.init(AbstractProtocol.java:620)
	at org.apache.catalina.connector.Connector.initInternal(Connector.java:997)
	... 13 more

18-May-2020 14:23:11.125 INFO [main] org.apache.catalina.startup.Catalina.load Initialization processed in 510 ms
18-May-2020 14:23:11.185 INFO [main] org.apache.catalina.core.StandardService.startInternal Starting service [Catalina]
18-May-2020 14:23:11.185 INFO [main] org.apache.catalina.core.StandardEngine.startInternal Starting Servlet Engine: Apache Tomcat/8.5.20
18-May-2020 14:23:11.194 INFO [localhost-startStop-1] org.apache.catalina.startup.HostConfig.deployDirectory Deploying web application directory [/home/dz-jp-11/Documents/Tomcat/apache-tomcat-8.5.20/webapps/host-manager]
18-May-2020 14:23:11.590 INFO [localhost-startStop-1] org.apache.catalina.startup.HostConfig.deployDirectory Deployment of web application directory [/home/dz-jp-11/Documents/Tomcat/apache-tomcat-8.5.20/webapps/host-manager] has finished in [396] ms
18-May-2020 14:23:11.590 INFO [localhost-startStop-1] org.apache.catalina.startup.HostConfig.deployDirectory Deploying web application directory [/home/dz-jp-11/Documents/Tomcat/apache-tomcat-8.5.20/webapps/manager]
18-May-2020 14:23:11.614 INFO [localhost-startStop-1] org.apache.catalina.startup.HostConfig.deployDirectory Deployment of web application directory [/home/dz-jp-11/Documents/Tomcat/apache-tomcat-8.5.20/webapps/manager] has finished in [24] ms
18-May-2020 14:23:11.615 INFO [localhost-startStop-1] org.apache.catalina.startup.HostConfig.deployDirectory Deploying web application directory [/home/dz-jp-11/Documents/Tomcat/apache-tomcat-8.5.20/webapps/examples]
18-May-2020 14:23:11.867 INFO [localhost-startStop-1] org.apache.catalina.startup.HostConfig.deployDirectory Deployment of web application directory [/home/dz-jp-11/Documents/Tomcat/apache-tomcat-8.5.20/webapps/examples] has finished in [252] ms
18-May-2020 14:23:11.867 INFO [localhost-startStop-1] org.apache.catalina.startup.HostConfig.deployDirectory Deploying web application directory [/home/dz-jp-11/Documents/Tomcat/apache-tomcat-8.5.20/webapps/ROOT]
18-May-2020 14:23:11.883 INFO [localhost-startStop-1] org.apache.catalina.startup.HostConfig.deployDirectory Deployment of web application directory [/home/dz-jp-11/Documents/Tomcat/apache-tomcat-8.5.20/webapps/ROOT] has finished in [16] ms
18-May-2020 14:23:11.883 INFO [localhost-startStop-1] org.apache.catalina.startup.HostConfig.deployDirectory Deploying web application directory [/home/dz-jp-11/Documents/Tomcat/apache-tomcat-8.5.20/webapps/docs]
18-May-2020 14:23:11.897 INFO [localhost-startStop-1] org.apache.catalina.startup.HostConfig.deployDirectory Deployment of web application directory [/home/dz-jp-11/Documents/Tomcat/apache-tomcat-8.5.20/webapps/docs] has finished in [14] ms
18-May-2020 14:23:11.907 INFO [main] org.apache.catalina.startup.Catalina.start Server startup in 781 ms
18-May-2020 14:23:11.909 SEVERE [main] org.apache.catalina.core.StandardServer.await StandardServer.await: create[localhost:8005]: 
 java.net.BindException: Address already in use (Bind failed)
	at java.base/java.net.PlainSocketImpl.socketBind(Native Method)
	at java.base/java.net.AbstractPlainSocketImpl.bind(AbstractPlainSocketImpl.java:436)
	at java.base/java.net.ServerSocket.bind(ServerSocket.java:395)
	at java.base/java.net.ServerSocket.<init>(ServerSocket.java:257)
	at org.apache.catalina.core.StandardServer.await(StandardServer.java:440)
	at org.apache.catalina.startup.Catalina.await(Catalina.java:744)
	at org.apache.catalina.startup.Catalina.start(Catalina.java:690)
	at java.base/jdk.internal.reflect.NativeMethodAccessorImpl.invoke0(Native Method)
	at java.base/jdk.internal.reflect.NativeMethodAccessorImpl.invoke(NativeMethodAccessorImpl.java:62)
	at java.base/jdk.internal.reflect.DelegatingMethodAccessorImpl.invoke(DelegatingMethodAccessorImpl.java:43)
	at java.base/java.lang.reflect.Method.invoke(Method.java:566)
	at org.apache.catalina.startup.Bootstrap.start(Bootstrap.java:355)
	at org.apache.catalina.startup.Bootstrap.main(Bootstrap.java:495)

18-May-2020 14:23:11.910 INFO [main] org.apache.coyote.AbstractProtocol.pause Pausing ProtocolHandler ["http-nio-9090"]
18-May-2020 14:23:11.910 INFO [main] org.apache.coyote.AbstractProtocol.pause Pausing ProtocolHandler ["ajp-nio-8009"]
18-May-2020 14:23:11.910 INFO [main] org.apache.catalina.core.StandardService.stopInternal Stopping service [Catalina]
18-May-2020 14:23:11.949 INFO [main] org.apache.coyote.AbstractProtocol.stop Stopping ProtocolHandler ["http-nio-9090"]
18-May-2020 14:23:11.949 INFO [main] org.apache.coyote.AbstractProtocol.destroy Destroying ProtocolHandler ["http-nio-9090"]
18-May-2020 14:23:11.950 INFO [main] org.apache.coyote.AbstractProtocol.stop Stopping ProtocolHandler ["ajp-nio-8009"]
18-May-2020 14:23:11.950 INFO [main] org.apache.coyote.AbstractProtocol.destroy Destroying ProtocolHandler ["ajp-nio-8009"]
18-May-2020 14:25:26.959 INFO [main] org.apache.catalina.startup.VersionLoggerListener.log Server version:        Apache Tomcat/8.5.20
18-May-2020 14:25:26.962 INFO [main] org.apache.catalina.startup.VersionLoggerListener.log Server built:          Aug 2 2017 21:35:49 UTC
18-May-2020 14:25:26.963 INFO [main] org.apache.catalina.startup.VersionLoggerListener.log Server number:         8.5.20.0
18-May-2020 14:25:26.963 INFO [main] org.apache.catalina.startup.VersionLoggerListener.log OS Name:               Linux
18-May-2020 14:25:26.963 INFO [main] org.apache.catalina.startup.VersionLoggerListener.log OS Version:            4.15.0-91-generic
18-May-2020 14:25:26.964 INFO [main] org.apache.catalina.startup.VersionLoggerListener.log Architecture:          amd64
18-May-2020 14:25:26.964 INFO [main] org.apache.catalina.startup.VersionLoggerListener.log Java Home:             /usr/lib/jvm/java-11-openjdk-amd64
18-May-2020 14:25:26.964 INFO [main] org.apache.catalina.startup.VersionLoggerListener.log JVM Version:           11.0.6+10-post-Ubuntu-1ubuntu118.04.1
18-May-2020 14:25:26.965 INFO [main] org.apache.catalina.startup.VersionLoggerListener.log JVM Vendor:            Ubuntu
18-May-2020 14:25:26.965 INFO [main] org.apache.catalina.startup.VersionLoggerListener.log CATALINA_BASE:         /home/dz-jp-11/Documents/Tomcat/apache-tomcat-8.5.20
18-May-2020 14:25:26.965 INFO [main] org.apache.catalina.startup.VersionLoggerListener.log CATALINA_HOME:         /home/dz-jp-11/Documents/Tomcat/apache-tomcat-8.5.20
18-May-2020 14:25:26.965 INFO [main] org.apache.catalina.startup.VersionLoggerListener.log Command line argument: -Djava.util.logging.config.file=/home/dz-jp-11/Documents/Tomcat/apache-tomcat-8.5.20/conf/logging.properties
18-May-2020 14:25:26.965 INFO [main] org.apache.catalina.startup.VersionLoggerListener.log Command line argument: -Djava.util.logging.manager=org.apache.juli.ClassLoaderLogManager
18-May-2020 14:25:26.965 INFO [main] org.apache.catalina.startup.VersionLoggerListener.log Command line argument: -Djdk.tls.ephemeralDHKeySize=2048
18-May-2020 14:25:26.965 INFO [main] org.apache.catalina.startup.VersionLoggerListener.log Command line argument: -Djava.protocol.handler.pkgs=org.apache.catalina.webresources
18-May-2020 14:25:26.966 INFO [main] org.apache.catalina.startup.VersionLoggerListener.log Command line argument: -Dcatalina.base=/home/dz-jp-11/Documents/Tomcat/apache-tomcat-8.5.20
18-May-2020 14:25:26.966 INFO [main] org.apache.catalina.startup.VersionLoggerListener.log Command line argument: -Dcatalina.home=/home/dz-jp-11/Documents/Tomcat/apache-tomcat-8.5.20
18-May-2020 14:25:26.966 INFO [main] org.apache.catalina.startup.VersionLoggerListener.log Command line argument: -Djava.io.tmpdir=/home/dz-jp-11/Documents/Tomcat/apache-tomcat-8.5.20/temp
18-May-2020 14:25:26.966 INFO [main] org.apache.catalina.core.AprLifecycleListener.lifecycleEvent The APR based Apache Tomcat Native library which allows optimal performance in production environments was not found on the java.library.path: [/usr/java/packages/lib:/usr/lib/x86_64-linux-gnu/jni:/lib/x86_64-linux-gnu:/usr/lib/x86_64-linux-gnu:/usr/lib/jni:/lib:/usr/lib]
18-May-2020 14:25:26.997 INFO [main] org.apache.coyote.AbstractProtocol.init Initializing ProtocolHandler ["http-nio-9090"]
18-May-2020 14:25:27.011 INFO [main] org.apache.tomcat.util.net.NioSelectorPool.getSharedSelector Using a shared selector for servlet write/read
18-May-2020 14:25:27.024 INFO [main] org.apache.coyote.AbstractProtocol.init Initializing ProtocolHandler ["ajp-nio-8009"]
18-May-2020 14:25:27.026 INFO [main] org.apache.tomcat.util.net.NioSelectorPool.getSharedSelector Using a shared selector for servlet write/read
18-May-2020 14:25:27.026 INFO [main] org.apache.catalina.startup.Catalina.load Initialization processed in 503 ms
18-May-2020 14:25:27.079 INFO [main] org.apache.catalina.core.StandardService.startInternal Starting service [Catalina]
18-May-2020 14:25:27.080 INFO [main] org.apache.catalina.core.StandardEngine.startInternal Starting Servlet Engine: Apache Tomcat/8.5.20
18-May-2020 14:25:27.092 INFO [localhost-startStop-1] org.apache.catalina.startup.HostConfig.deployDirectory Deploying web application directory [/home/dz-jp-11/Documents/Tomcat/apache-tomcat-8.5.20/webapps/host-manager]
18-May-2020 14:25:27.434 INFO [localhost-startStop-1] org.apache.catalina.startup.HostConfig.deployDirectory Deployment of web application directory [/home/dz-jp-11/Documents/Tomcat/apache-tomcat-8.5.20/webapps/host-manager] has finished in [341] ms
18-May-2020 14:25:27.434 INFO [localhost-startStop-1] org.apache.catalina.startup.HostConfig.deployDirectory Deploying web application directory [/home/dz-jp-11/Documents/Tomcat/apache-tomcat-8.5.20/webapps/manager]
18-May-2020 14:25:27.457 INFO [localhost-startStop-1] org.apache.catalina.startup.HostConfig.deployDirectory Deployment of web application directory [/home/dz-jp-11/Documents/Tomcat/apache-tomcat-8.5.20/webapps/manager] has finished in [23] ms
18-May-2020 14:25:27.457 INFO [localhost-startStop-1] org.apache.catalina.startup.HostConfig.deployDirectory Deploying web application directory [/home/dz-jp-11/Documents/Tomcat/apache-tomcat-8.5.20/webapps/examples]
18-May-2020 14:25:27.686 INFO [localhost-startStop-1] org.apache.catalina.startup.HostConfig.deployDirectory Deployment of web application directory [/home/dz-jp-11/Documents/Tomcat/apache-tomcat-8.5.20/webapps/examples] has finished in [229] ms
18-May-2020 14:25:27.687 INFO [localhost-startStop-1] org.apache.catalina.startup.HostConfig.deployDirectory Deploying web application directory [/home/dz-jp-11/Documents/Tomcat/apache-tomcat-8.5.20/webapps/ROOT]
18-May-2020 14:25:27.700 INFO [localhost-startStop-1] org.apache.catalina.startup.HostConfig.deployDirectory Deployment of web application directory [/home/dz-jp-11/Documents/Tomcat/apache-tomcat-8.5.20/webapps/ROOT] has finished in [14] ms
18-May-2020 14:25:27.701 INFO [localhost-startStop-1] org.apache.catalina.startup.HostConfig.deployDirectory Deploying web application directory [/home/dz-jp-11/Documents/Tomcat/apache-tomcat-8.5.20/webapps/docs]
18-May-2020 14:25:27.713 INFO [localhost-startStop-1] org.apache.catalina.startup.HostConfig.deployDirectory Deployment of web application directory [/home/dz-jp-11/Documents/Tomcat/apache-tomcat-8.5.20/webapps/docs] has finished in [12] ms
18-May-2020 14:25:27.717 INFO [main] org.apache.coyote.AbstractProtocol.start Starting ProtocolHandler ["http-nio-9090"]
18-May-2020 14:25:27.734 INFO [main] org.apache.coyote.AbstractProtocol.start Starting ProtocolHandler ["ajp-nio-8009"]
18-May-2020 14:25:27.736 INFO [main] org.apache.catalina.startup.Catalina.start Server startup in 709 ms
18-May-2020 14:27:07.993 INFO [http-nio-9090-exec-7] org.apache.catalina.startup.HostConfig.deployWAR Deploying web application archive [/home/dz-jp-11/Documents/Tomcat/apache-tomcat-8.5.20/webapps/hellojenkins-0.0.1-SNAPSHOT.war]
18-May-2020 14:27:08.101 WARNING [http-nio-9090-exec-7] org.apache.tomcat.util.descriptor.web.WebXml.setVersion Unknown version string [4.0]. Default version will be used.
18-May-2020 14:27:09.041 INFO [http-nio-9090-exec-7] org.apache.jasper.servlet.TldScanner.scanJars At least one JAR was scanned for TLDs yet contained no TLDs. Enable debug logging for this logger for a complete list of JARs that were scanned but no TLDs were found in them. Skipping unneeded JARs during scanning can improve startup time and JSP compilation time.
18-May-2020 14:27:09.108 INFO [http-nio-9090-exec-7] org.apache.catalina.startup.HostConfig.deployWAR Deployment of web application archive [/home/dz-jp-11/Documents/Tomcat/apache-tomcat-8.5.20/webapps/hellojenkins-0.0.1-SNAPSHOT.war] has finished in [1,115] ms
18-May-2020 14:28:51.395 INFO [http-nio-9090-exec-4] org.apache.catalina.startup.HostConfig.deployWAR Deploying web application archive [/home/dz-jp-11/Documents/Tomcat/apache-tomcat-8.5.20/webapps/helloaap.war]
18-May-2020 14:28:51.470 WARNING [http-nio-9090-exec-4] org.apache.tomcat.util.descriptor.web.WebXml.setVersion Unknown version string [4.0]. Default version will be used.
18-May-2020 14:28:52.297 INFO [http-nio-9090-exec-4] org.apache.jasper.servlet.TldScanner.scanJars At least one JAR was scanned for TLDs yet contained no TLDs. Enable debug logging for this logger for a complete list of JARs that were scanned but no TLDs were found in them. Skipping unneeded JARs during scanning can improve startup time and JSP compilation time.
18-May-2020 14:28:52.346 INFO [http-nio-9090-exec-4] org.apache.catalina.startup.HostConfig.deployWAR Deployment of web application archive [/home/dz-jp-11/Documents/Tomcat/apache-tomcat-8.5.20/webapps/helloaap.war] has finished in [950] ms
